<?xml version="1.0" encoding="UTF-8"?>
<!-- Generated by org.testng.reporters.JUnitReportReporter -->
<testsuite hostname="LAPTOP-16UO956C" failures="0" tests="1" name="TestNGPractice.GoogleSearch" time="11.748" errors="0" timestamp="2021-12-20T14:11:07 CST" skipped="0">
  <testcase classname="TestNGPractice.GoogleSearch" name="search" time="11.748"/>
  <system-out/>
</testsuite> <!-- TestNGPractice.GoogleSearch -->
