<?xml version="1.0" encoding="UTF-8"?>
<!-- Generated by org.testng.reporters.JUnitReportReporter -->
<testsuite hostname="LAPTOP-16UO956C" failures="0" tests="2" name="RediffTestCases.RediffLogInProp" time="65.984" errors="0" timestamp="2022-01-11T03:58:23 CST" skipped="0">
  <testcase classname="RediffTestCases.RediffLogInProp" name="login1" time="36.985"/>
  <system-out/>
  <testcase classname="RediffTestCases.RediffLogInProp" name="login" time="28.999"/>
  <system-out/>
</testsuite> <!-- RediffTestCases.RediffLogInProp -->
