<?xml version="1.0" encoding="UTF-8"?>
<!-- Generated by org.testng.reporters.JUnitReportReporter -->
<testsuite hostname="LAPTOP-16UO956C" failures="0" tests="1" name="RediffTestCases.RediffLogin" time="58.961" errors="0" timestamp="2021-12-22T18:35:47 CST" skipped="0">
  <testcase classname="RediffTestCases.RediffLogin" name="login" time="58.961"/>
  <system-out/>
</testsuite> <!-- RediffTestCases.RediffLogin -->
