<?xml version="1.0" encoding="UTF-8"?>
<!-- Generated by org.testng.reporters.JUnitReportReporter -->
<testsuite hostname="LAPTOP-16UO956C" failures="0" tests="1" name="TestNGPractice.TestNGDemo" time="0.013" errors="0" timestamp="2021-12-20T15:09:36 CST" skipped="0">
  <testcase classname="TestNGPractice.TestNGDemo" name="add" time="0.013"/>
  <system-out/>
</testsuite> <!-- TestNGPractice.TestNGDemo -->
