<?xml version="1.0" encoding="UTF-8"?>
<!-- Generated by org.testng.reporters.JUnitReportReporter -->
<testsuite hostname="LAPTOP-16UO956C" failures="0" tests="1" name="TestNGPractice.GoogleSearch" time="15.117" errors="0" timestamp="2022-01-10T18:34:57 CST" skipped="0">
  <testcase classname="TestNGPractice.GoogleSearch" name="search" time="15.117"/>
  <system-out/>
</testsuite> <!-- TestNGPractice.GoogleSearch -->
