<?xml version="1.0" encoding="UTF-8"?>
<!-- Generated by org.testng.reporters.JUnitReportReporter -->
<testsuite hostname="LAPTOP-16UO956C" failures="0" tests="1" name="TestNGPractice.OrgHrmParam" time="16.389" errors="0" timestamp="2021-12-29T14:45:53 CST" skipped="0">
  <testcase classname="TestNGPractice.OrgHrmParam" name="login" time="16.389"/>
  <system-out/>
</testsuite> <!-- TestNGPractice.OrgHrmParam -->
