<?xml version="1.0" encoding="UTF-8"?>
<!-- Generated by org.testng.reporters.JUnitReportReporter -->
<testsuite hostname="LAPTOP-16UO956C" failures="0" tests="1" name="TestNGPractice.TestNGDemo2" time="0.008" errors="0" timestamp="2021-12-17T06:19:14 CST" skipped="0">
  <testcase classname="TestNGPractice.TestNGDemo2" name="method1" time="0.008"/>
  <system-out/>
</testsuite> <!-- TestNGPractice.TestNGDemo2 -->
