<?xml version="1.0" encoding="UTF-8"?>
<!-- Generated by org.testng.reporters.JUnitReportReporter -->
<testsuite hostname="LAPTOP-16UO956C" failures="0" tests="1" name="TestNGPractice.AssertCheck" time="0.033" errors="0" timestamp="2021-12-20T13:56:12 CST" skipped="0">
  <testcase classname="TestNGPractice.AssertCheck" name="check" time="0.033"/>
  <system-out/>
</testsuite> <!-- TestNGPractice.AssertCheck -->
