<?xml version="1.0" encoding="UTF-8"?>
<!-- Generated by org.testng.reporters.JUnitReportReporter -->
<testsuite hostname="LAPTOP-16UO956C" failures="0" tests="2" name="RediffTestCases.RediffLogInProp" time="198.685" errors="0" timestamp="2022-01-04T11:15:13 CST" skipped="0">
  <testcase classname="RediffTestCases.RediffLogInProp" name="login" time="102.590"/>
  <system-out/>
  <testcase classname="RediffTestCases.RediffLogInProp" name="login1" time="96.095"/>
  <system-out/>
</testsuite> <!-- RediffTestCases.RediffLogInProp -->
